Odyink开发日志
0.1Alpha
2020/06/24
第一版OdyinkServer手写版

0.2Alpha
2020/06/25
第一版OdyinkUser手写版
第二版OdyinkServer手写版

0.3Alpha
2020/07/23
开始制作

0.5Alpha
2020/07/2?
制作完毕

0.6Alpha
2020/07/2?
修复大量Bug

0.7Alpha
2020/07/2?
修复Bug

0.8Beta
第一个没有明显Bug的版本
第一个公开测试版本
(文章每行要echo开头)

0.9Beta
2020/07/31
1.新的文档标准新的文档显示方法
对文章再无格式要求
2.服务端增加了修改文章功能
对应
3.客户端增加了刷新文章功能
4.更加人性化的体验
5.改变了部分跳转
(编码要求ANSI GBK仍然有)

1.0
2020/08/01
1.服务端新的账号密码加密方法
2.微调代码优化体验
(编码要求ANSI GBK仍然有)

1.1Alpha
2020/08/07
1.微调代码

2.0
2020/08/31
1.服务端新的账号密码加密方法
2.服务端新的功能(系统信息)
3.服务端更好的兼容性
4.服务端不再一定要求网络检测成功
5.微调代码优化体验
(编码要求ANSI GBK仍然有)

3.0
2020/12/20
1.服务端增加日志模块
2.服务端去除暂时没什么卵用的登录模块
3.服务端去除没什么卵用的系统信息模块
4.服务端规范部分跳转名和命名名及信息库名
5.客户端加快服务器服务出错时的反应速度
6.客户端配合服务端信息库名变化变更信息库链接
7.去除部分冗余代码
注:内核更新
(编码要求ANSI GBK仍然有)

3.1Alpha
2021/01/08
1.客户端新的文章检索方式-更快的文章检索
2.更恰当的交互表达
3.去除大量冗余代码

3.2Alpha
2021/01/29
1.规范易懂的代码结构
2.去除部分冗余代码
3.添加注释


3.3Alpha
2021/01/30
1.添加对Batch扩展的支持
2.去除部分冗余代码
3.微调代码

3.4Alpha
2021/01/31
1.解决从3.1到3.3客户端无法下载不存在的serverok而闪退的Bug
2.解决客户端3.3无法自动删除bat文件的Bug
3.解决客户端服务端3.3浏览文章中2处if语句中左括号前忘记加空格而闪退的Bug
4.解决从3.1到3.3客户端文章翻页2处if语句string2多了个空格而翻页失败的Bug
5.解决服务端文章导入1处if语句中当变量含引号时闪退的历史性Bug
6.解决服务端3.3文章导入2处if语句中当变量含引号时闪退的Bug

3.5Alpha
2021/02/02
1.解决从3.3到3.4中Batch扩展改变,颜色,标题,变量,目录,没改回导致程序无法使用的Bug
2.解决客户端用户PowerShell版本>5.1无法下载导致程序无法使用的历史性Bug
3.规范代码

3.6Alpha
2021/02/03
1.客户端Win10版和兼容版合并
2.Batch扩展可在执行前退出
3.操作值不再规范大小写
4.去除部分冗余代码
5.微调代码

3.7Alpha
2021/02/04
1.修复3.6因复合句中变量没开延迟变量无法获得变量动态值以判断用户输入值而出错的Bug
2.修复3.6客户端因没if直接定义%wgetparameter%而无法调用PowerShell的Bug
3.修复3.6客户端因下载txt文章输出目录错误而无法看文章的Bug
4.修复3.6客户端因变量%ps%为空而无法调用PowerShell的Bug
5.微调代码

4.0
2021/02/09
1.修复3.7服务端因误删%Doctype%而无法调用修改的Bug
2.修复3.7服务端因直接复制客户端代码导致的的表达错误
3.增加3.7服务端执行扩展前修改代码的功能
4.删除长久以来客户端对BlogAnum.bat的多余下载
5客户端屏蔽下载文章的报错(详见4.0注释)
2.修复3.7Batch扩展执行前输入y因漏掉if不成立时的跳转导致不可直接退出的Bug
6.客户端增加下载情况显示
7.微调代码